<?xml version="1.0" encoding="UTF-8"?>
<testsuite xmlns:xsi="http://www.w3.org/2001/XMLSchema-instance" xsi:noNamespaceSchemaLocation="https://maven.apache.org/surefire/maven-surefire-plugin/xsd/surefire-test-report-3.0.xsd" version="3.0" name="com.arvind.JUNIT.MiniProject_OOPS.AppTest" time="0.067" tests="6" errors="0" skipped="0" failures="0">
  <properties>
[...]
</properties>
  <testcase name="videoCreatedSuccessufully" classname="com.arvind.JUNIT.MiniProject_OOPS.AppTest" time="0.026"/>
  <testcase name="videoAllowedToCheckoutWhenCheckoutStstusIsFalse" classname="com.arvind.JUNIT.MiniProject_OOPS.AppTest" time="0.008"/>
  <testcase name="videoNotAllowedToCheckoutWhenCheckoutStstusIsTrue" classname="com.arvind.JUNIT.MiniProject_OOPS.AppTest" time="0.003"/>
  <testcase name="videoNotAllowedToReturnWhenCheckoutStatusIsFalse" classname="com.arvind.JUNIT.MiniProject_OOPS.AppTest" time="0.001"/>
  <testcase name="videoAllowedToReturnWhenCheckoutStatusIsTrue" classname="com.arvind.JUNIT.MiniProject_OOPS.AppTest" time="0.002"/>
  <testcase name="videoCreatedAndAddedToStore" classname="com.arvind.JUNIT.MiniProject_OOPS.AppTest" time="0.003"/>
</testsuite>