<?xml version="1.0" encoding="UTF-8"?>
<testsuite xmlns:xsi="http://www.w3.org/2001/XMLSchema-instance" xsi:noNamespaceSchemaLocation="https://maven.apache.org/surefire/maven-surefire-plugin/xsd/surefire-test-report-3.0.xsd" version="3.0" name="com.arvind.JUNIT.MiniProject_Abstraction.AppTest$FDAccountTest" time="0.022" tests="4" errors="0" skipped="0" failures="0">
  <properties>
[...]
</properties>
  <testcase name="FDAccountValidInputCheck" classname="com.arvind.JUNIT.MiniProject_Abstraction.AppTest$FDAccountTest" time="0.007"/>
  <testcase name="FDAccountAmountZero" classname="com.arvind.JUNIT.MiniProject_Abstraction.AppTest$FDAccountTest" time="0.003"/>
  <testcase name="FDAccountNumberOfDaysOutOfRange" classname="com.arvind.JUNIT.MiniProject_Abstraction.AppTest$FDAccountTest" time="0.002"/>
  <testcase name="FDAccountHolderAgeOutOfRange" classname="com.arvind.JUNIT.MiniProject_Abstraction.AppTest$FDAccountTest" time="0.002"/>
</testsuite>